1527774864289	geckodriver	INFO	geckodriver 0.19.1
1527774864305	geckodriver	INFO	Listening on 127.0.0.1:57653
1527774867352	mozrunner::runner	INFO	Running command: "C:\\Program Files\\Mozilla Firefox\\firefox.exe" "-marionette" "-profile" "C:\\Users\\ADMINI~1\\AppData\\Local\\Temp\\rust_mozprofile.s7eZbw8m8EWQ"
1527774871875	Marionette	INFO	Listening on port 57664
1527774872693	Marionette	WARN	TLS certificate errors will be ignored for this session
1527775033819	geckodriver	INFO	geckodriver 0.19.1
1527775033835	geckodriver	INFO	Listening on 127.0.0.1:57762
1527775036870	mozrunner::runner	INFO	Running command: "C:\\Program Files\\Mozilla Firefox\\firefox.exe" "-marionette" "-profile" "C:\\Users\\ADMINI~1\\AppData\\Local\\Temp\\rust_mozprofile.Kda8J4COmrks"
1527775040334	Marionette	INFO	Listening on port 57771
1527775040522	Marionette	WARN	TLS certificate errors will be ignored for this session
1527788916226	geckodriver	INFO	geckodriver 0.19.1
1527788916249	geckodriver	INFO	Listening on 127.0.0.1:62157
1527788919301	mozrunner::runner	INFO	Running command: "C:\\Program Files\\Mozilla Firefox\\firefox.exe" "-marionette" "-profile" "C:\\Users\\ADMINI~1\\AppData\\Local\\Temp\\rust_mozprofile.UU2Ddqt80ROK"
1527788925642	Marionette	INFO	Listening on port 62166
1527788926750	Marionette	WARN	TLS certificate errors will be ignored for this session
[GFX1-]: Receive IPC close with reason=AbnormalShutdown
[GFX1-]: Receive IPC close with reason=AbnormalShutdown
[GFX1-]: Receive IPC close with reason=AbnormalShutdown
1527788974583	geckodriver	INFO	geckodriver 0.19.1
1527788974608	geckodriver	INFO	Listening on 127.0.0.1:62263
1527788977639	mozrunner::runner	INFO	Running command: "C:\\Program Files\\Mozilla Firefox\\firefox.exe" "-marionette" "-profile" "C:\\Users\\ADMINI~1\\AppData\\Local\\Temp\\rust_mozprofile.ivs9TEUaZarM"
1527788985439	Marionette	INFO	Listening on port 62271
1527788986050	Marionette	WARN	TLS certificate errors will be ignored for this session
1527961756335	geckodriver	INFO	geckodriver 0.19.1
1527961756364	geckodriver	INFO	Listening on 127.0.0.1:63494
1527961759387	mozrunner::runner	INFO	Running command: "C:\\Program Files\\Mozilla Firefox\\firefox.exe" "-marionette" "-profile" "C:\\Users\\ADMINI~1\\AppData\\Local\\Temp\\rust_mozprofile.uVPrphqb7wd6"
1527961765412	Marionette	INFO	Listening on port 63505
1527961765994	Marionette	WARN	TLS certificate errors will be ignored for this session
Unable to read VR Path Registry from C:\Users\Administrator\AppData\Local\openvr\openvrpaths.vrpath
[Child 8724, Chrome_ChildThread] WARNING: pipe error: 109: file z:/build/build/src/ipc/chromium/src/chrome/common/ipc_channel_win.cc, line 346
[Child 8724, Chrome_ChildThread] WARNING: pipe error: 109: file z:/build/build/src/ipc/chromium/src/chrome/common/ipc_channel_win.cc, line 346

###!!! [Child][MessageChannel::SendAndWait] Error: Channel error*** UTM:SVC TimerManager:registerTimer called after profile-before-change notification. Ignoring timer registration for id: telemetry_modules_ping

###!!! [Child][MessageChannel::SendAndWait] Error: Channel error: cannot send/recv

Unable to read VR Path Registry from C:\Users\Administrator\AppData\Local\openvr\openvrpaths.vrpath
1527962172549	geckodriver	INFO	geckodriver 0.19.1
1527962172565	geckodriver	INFO	Listening on 127.0.0.1:64750
1527962175584	mozrunner::runner	INFO	Running command: "C:\\Program Files\\Mozilla Firefox\\firefox.exe" "-marionette" "-profile" "C:\\Users\\ADMINI~1\\AppData\\Local\\Temp\\rust_mozprofile.QmOLGBo5RfNG"
1527962179973	Marionette	INFO	Listening on port 64758
1527962180873	Marionette	WARN	TLS certificate errors will be ignored for this session
Unable to read VR Path Registry from C:\Users\Administrator\AppData\Local\openvr\openvrpaths.vrpath
[Child 2912, Chrome_ChildThread] WARNING: pipe error: 109: file z:/build/build/src/ipc/chromium/src/chrome/common/ipc_channel_win.cc, line 346
[Child 2912, Chrome_ChildThread] WARNING: pipe error: 109: file z:/build/build/src/ipc/chromium/src/chrome/common/ipc_channel_win.cc, line 346
Unable to read VR Path Registry from C:\Users\Administrator\AppData\Local\openvr\openvrpaths.vrpath
[Child 10556, Chrome_ChildThread] WARNING: pipe error: 109: file z:/build/build/src/ipc/chromium/src/chrome/common/ipc_channel_win.cc, line 346
[Child 10556, Chrome_ChildThread] WARNING: pipe error: 109: file z:/build/build/src/ipc/chromium/src/chrome/common/ipc_channel_win.cc, line 346
Unable to read VR Path Registry from C:\Users\Administrator\AppData\Local\openvr\openvrpaths.vrpath
[Child 10448, Chrome_ChildThread] WARNING: pipe error: 109: file z:/build/build/src/ipc/chromium/src/chrome/common/ipc_channel_win.cc, line 346
*** UTM:SVC TimerManager:registerTimer called after profile-before-change notification. Ignoring timer registration for id: telemetry_modules_ping

###!!! [Child][MessageChannel::SendAndWait] Error: Channel error: cannot send/recv

Unable to read VR Path Registry from C:\Users\Administrator\AppData\Local\openvr\openvrpaths.vrpath
1527962240182	geckodriver	INFO	geckodriver 0.19.1
1527962240195	geckodriver	INFO	Listening on 127.0.0.1:64870
1527962243248	mozrunner::runner	INFO	Running command: "C:\\Program Files\\Mozilla Firefox\\firefox.exe" "-marionette" "-profile" "C:\\Users\\ADMINI~1\\AppData\\Local\\Temp\\rust_mozprofile.cfQVoDVu40dC"
1527962248366	Marionette	INFO	Listening on port 64878
1527962249351	Marionette	WARN	TLS certificate errors will be ignored for this session
1527963295240	geckodriver	INFO	geckodriver 0.19.1
1527963295254	geckodriver	INFO	Listening on 127.0.0.1:55209
1527963298306	mozrunner::runner	INFO	Running command: "C:\\Program Files\\Mozilla Firefox\\firefox.exe" "-marionette" "-profile" "C:\\Users\\ADMINI~1\\AppData\\Local\\Temp\\rust_mozprofile.GshG854LqNIH"
1527963301964	Marionette	INFO	Listening on port 55217
1527963302470	Marionette	WARN	TLS certificate errors will be ignored for this session
[GFX1-]: Receive IPC close with reason=AbnormalShutdown
1527963386045	geckodriver	INFO	geckodriver 0.19.1
1527963386059	geckodriver	INFO	Listening on 127.0.0.1:55256
1527963389097	mozrunner::runner	INFO	Running command: "C:\\Program Files\\Mozilla Firefox\\firefox.exe" "-marionette" "-profile" "C:\\Users\\ADMINI~1\\AppData\\Local\\Temp\\rust_mozprofile.lPueeMwef9PR"
1527963392440	Marionette	INFO	Listening on port 55268
1527963392750	Marionette	WARN	TLS certificate errors will be ignored for this session
1527963444805	geckodriver	INFO	geckodriver 0.19.1
1527963444819	geckodriver	INFO	Listening on 127.0.0.1:55333
1527963447863	mozrunner::runner	INFO	Running command: "C:\\Program Files\\Mozilla Firefox\\firefox.exe" "-marionette" "-profile" "C:\\Users\\ADMINI~1\\AppData\\Local\\Temp\\rust_mozprofile.ihckE3OJuRr5"
1527963451345	Marionette	INFO	Listening on port 55341
1527963451522	Marionette	WARN	TLS certificate errors will be ignored for this session
1527963502905	geckodriver	INFO	geckodriver 0.19.1
1527963502923	geckodriver	INFO	Listening on 127.0.0.1:55402
1527963505976	mozrunner::runner	INFO	Running command: "C:\\Program Files\\Mozilla Firefox\\firefox.exe" "-marionette" "-profile" "C:\\Users\\ADMINI~1\\AppData\\Local\\Temp\\rust_mozprofile.ZjK7v5yLX0tJ"
1527963509369	Marionette	INFO	Listening on port 55410
1527963509681	Marionette	WARN	TLS certificate errors will be ignored for this session
1527963590326	geckodriver	INFO	geckodriver 0.19.1
1527963590342	geckodriver	INFO	Listening on 127.0.0.1:55479
1527963593378	mozrunner::runner	INFO	Running command: "C:\\Program Files\\Mozilla Firefox\\firefox.exe" "-marionette" "-profile" "C:\\Users\\ADMINI~1\\AppData\\Local\\Temp\\rust_mozprofile.WQVTIHcJHrkr"
1527963596839	Marionette	INFO	Listening on port 55488
1527963597037	Marionette	WARN	TLS certificate errors will be ignored for this session
1527963723681	geckodriver	INFO	geckodriver 0.19.1
1527963723696	geckodriver	INFO	Listening on 127.0.0.1:55620
1527963726743	mozrunner::runner	INFO	Running command: "C:\\Program Files\\Mozilla Firefox\\firefox.exe" "-marionette" "-profile" "C:\\Users\\ADMINI~1\\AppData\\Local\\Temp\\rust_mozprofile.aDwhkMNWVfpp"
1527963730234	Marionette	INFO	Listening on port 55628
1527963730410	Marionette	WARN	TLS certificate errors will be ignored for this session
1527963871261	geckodriver	INFO	geckodriver 0.19.1
1527963871277	geckodriver	INFO	Listening on 127.0.0.1:55740
1527963874309	mozrunner::runner	INFO	Running command: "C:\\Program Files\\Mozilla Firefox\\firefox.exe" "-marionette" "-profile" "C:\\Users\\ADMINI~1\\AppData\\Local\\Temp\\rust_mozprofile.5IIlrknXw2UK"
1527963877665	Marionette	INFO	Listening on port 55748
1527963877984	Marionette	WARN	TLS certificate errors will be ignored for this session
1527964762789	geckodriver	INFO	geckodriver 0.19.1
1527964762805	geckodriver	INFO	Listening on 127.0.0.1:56392
1527964765835	mozrunner::runner	INFO	Running command: "C:\\Program Files\\Mozilla Firefox\\firefox.exe" "-marionette" "-profile" "C:\\Users\\ADMINI~1\\AppData\\Local\\Temp\\rust_mozprofile.2omjEbIbOSyQ"
1527964769315	Marionette	INFO	Listening on port 56400
1527964769527	Marionette	WARN	TLS certificate errors will be ignored for this session
Unable to read VR Path Registry from C:\Users\Administrator\AppData\Local\openvr\openvrpaths.vrpath
[Child 17976, Chrome_ChildThread] WARNING: pipe error: 109: file z:/build/build/src/ipc/chromium/src/chrome/common/ipc_channel_win.cc, line 346
Unable to read VR Path Registry from C:\Users\Administrator\AppData\Local\openvr\openvrpaths.vrpath
[Parent 2156, Gecko_IOThread] WARNING: pipe error: 109: file z:/build/build/src/ipc/chromium/src/chrome/commUnable to read VR Path Registry from C:\Users\Administrator\AppData\Local\openvr\openvrpaths.vrpath
[Parent 6380, Gecko_IOThread] WARNING: pipe error: 109: file z:/build/build/src/ipc/chromium/src/chrome/common/ipc_channel_win.cc, line 346
Unable to read VR Path Registry from C:\Users\Administrator\AppData\Local\openvr\openvrpaths.vrpath
[Child 12276, Chrome_ChildThread] WARNING: pipe error: 109: file z:/build/build/src/ipc/chromium/src/chrome/common/ipc_channel_win.cc, line 346
Unable to read VR Path Registry from C:\Users\Administrator\AppData\Local\openvr\openvrp[GFX1-]: Receive IPC close with reason=AbnormalShutdown
ipe error: 109: file z:/build/build/src/ipc/chromium/src/chrome/common/ipc_channel_win.cc, line 346
[Parent 6380, Gecko_IOThread] WARNING: pipe error: 109: file z:/build/build/src/ipc/chromium/src/chrome/common/ipc_channel_win.cc, line 346

###!!! [Child][MessageChannel::SendAndWait] Error: Channel error: cannot send/recv

1527965817610	geckodriver	INFO	geckodriver 0.19.1
1527965817638	geckodriver	INFO	Listening on 127.0.0.1:57457
1527965820669	mozrunner::runner	INFO	Running command: "C:\\Program Files\\Mozilla Firefox\\firefox.exe" "-marionette" "-profile" "C:\\Users\\ADMINI~1\\AppData\\Local\\Temp\\rust_mozprofile.2ebbcZOOhKGD"
1527965825045	Marionette	INFO	Listening on port 57465
1527965825933	Marionette	WARN	TLS certificate errors will be ignored for this session
1527965912883	geckodriver	INFO	geckodriver 0.19.1
1527965912899	geckodriver	INFO	Listening on 127.0.0.1:57596
1527965915941	mozrunner::runner	INFO	Running command: "C:\\Program Files\\Mozilla Firefox\\firefox.exe" "-marionette" "-profile" "C:\\Users\\ADMINI~1\\AppData\\Local\\Temp\\rust_mozprofile.mZE6RQEND4vu"
1527965919816	Marionette	INFO	Listening on port 57604
1527965920099	Marionette	WARN	TLS certificate errors will be ignored for this session
Unable to read VR Path Registry from C:\Users\Administrator\AppData\Local\openvr\openvrpaths.vrpath
[Parent 5416, Gecko_IOThread] WARNING: pipe error: 109: file z:/build/build/src/ipc/chromium/src/chrome/common/ipc_channel_win.cc, line 346
Unable to read VR Path Registry from C:\Users\Administrator\AppData\Loc1527966050419	Marionette	INFO	Listening on port 57727
1527966050586	Marionette	WARN	TLS certificate errors will be ignored for this session
Unable to read VR Path Registry from C:\Users\Administrator\AppData\Local\openvr\openvrpaths.vrpath
[Parent 16896, Gecko_IOThread] WARNING: pipe error: 109: file z:/build/build/src/ipc/chromium/src/chrome/common/ipc_channel_win.cc, line 346
Unable to read VR Path Registry from C:\Users\Administrator\AppData\Local\openvr\openvrpaths.vrpath
[Child 20768, Chrome_ChildThread] WARNING: pipe error: 109: file z:/build/build/src/ipc/chromium/src/chrome/common/ipc_channel_win.cc, line 346
[Parent 16896, Gecko_IOThread] WARNING: pipe error: 109: file z:/build/build/src/ipc/chromium/src/chrome/common/ipc_channel_win.cc, line 346
[Parent 16896, Gecko_IOThread] WARNING: pipe error: 109: file z:/build/build/src/ipc/chromium/src/chrome/common/ipc_channel_win.cc, line 346

###!!! [Child][MessageChannel::SendAndWait] Error: Channel error: cannot send/recv

 on port 57921
1527966139498	Marionette	WARN	TLS certificate errors will be ignored for this session
1527966282048	geckodriver	INFO	geckodriver 0.19.1
1527966282062	geckodriver	INFO	Listening on 127.0.0.1:58107
1527966285108	mozrunner::runner	INFO	Running command: "C:\\Program Files\\Mozilla Firefox\\firefox.exe" "-marionette" "-profile" "C:\\Users\\ADMINI~1\\AppData\\Local\\Temp\\rust_mozprofile.gCXrvgrtI1ki"
1527966288479	Marionette	INFO	Listening on port 58115
1527966288760	Marionette	WARN	TLS certificate errors will be ignored for this session
1527966397649	geckodriver	INFO	geckodriver 0.19.1
1527966397666	geckodriver	INFO	Listening on 127.0.0.1:58328
1527966400697	mozrunner::runner	INFO	Running command: "C:\\Program Files\\Mozilla Firefox\\firefox.exe" "-marionette" "-profile" "C:\\Users\\ADMINI~1\\AppData\\Local\\Temp\\rust_mozprofile.yuWtKgJHHhOL"
1527966404691	Marionette	INFO	Listening on port 58339
1527966404860	Marionette	WARN	TLS certificate errors will be ignored for this session
Unable to read VR Path Registry from C:\Users\Administrator\AppData\Local\openvr\openvrpaths.vrpath
[Parent 980, Gecko_IOThread] WARNING: pipe error: 109: file z:/build/build/src/ipc/chromium/src/chrome/common/ipc_channel_win.cc, line 346
[Parent 980, Gecko_IOThread] WARNING: pipe error: 109: file z:/build/build/src/ipc/chromium/src/chrome/common/ipc_channel_win.cc, line 346
[Parent 980, Gecko_IOThread] WARNING: pipe error: 109: file z:/build/buildUnable to read VR Path Registry from C:\Users\Administrator\AppData\Local\openvr\openvrpaths.vrpath
[Parent 9796, Gecko_IOThread] WARNING: pipe error: 109: file z:/build/build/src/ipc/chromium/src/chrome/common/ipc_channel_win.cc, line 346
Unable to read VR Path Registry from C:\Users\Administrator\AppData\Local\openvr\openvrpaths.vrpath
[Child 14844, Chrome_ChildThread] WARNING: pipe error: 109: file z:/build/build/src/ipc/chromium/src/chrome/commUnable to read VR Path Registry from C:\Users\Administrator\AppData\Local\openvr\openvrpaths.vrpath
[Parent 20680, Gecko_IOThread] WARNING: pipe error: 109: file z:/build/build/src/ipc/chromium/src/chrome/common/ipc_channel_win.cc, line 346
[Parent 20680, Gecko_IOThread] WARNING: pipe error: 109: file z:/build/build/src/ipc/chromium/src/chrome/common/ipc_channel_win.cc, line 346

###!!! [Child][RunMessage] Error: Channel closing: too late to send/recv, messages will be lost

[Parent 20680, Gecko_IOThread] WARNING: pipe error: 109: file z:/build/build/src/ipc/chromium/src/chrome/common/ipc_channel_win.cc, line 346

###!!! [Child][MessageChannel::SendAndWait] Error: Channel error: cannot send/recv

